{"/Users/aurora/Desktop/Zenflow OS/api/ai.js": {"path":"/Users/aurora/Desktop/Zenflow OS/api/ai.js","statementMap":{"0":{"start":{"line":7,"column":25},"end":{"line":7,"column":null}},"1":{"start":{"line":10,"column":20},"end":{"line":10,"column":null}},"2":{"start":{"line":11,"column":17},"end":{"line":11,"column":null}},"3":{"start":{"line":13,"column":2},"end":{"line":15,"column":null}},"4":{"start":{"line":14,"column":4},"end":{"line":14,"column":null}},"5":{"start":{"line":16,"column":2},"end":{"line":18,"column":null}},"6":{"start":{"line":17,"column":4},"end":{"line":17,"column":null}},"7":{"start":{"line":19,"column":2},"end":{"line":21,"column":null}},"8":{"start":{"line":20,"column":4},"end":{"line":20,"column":null}},"9":{"start":{"line":23,"column":35},"end":{"line":23,"column":null}},"10":{"start":{"line":24,"column":2},"end":{"line":26,"column":null}},"11":{"start":{"line":25,"column":4},"end":{"line":25,"column":null}},"12":{"start":{"line":27,"column":2},"end":{"line":29,"column":null}},"13":{"start":{"line":28,"column":4},"end":{"line":28,"column":null}},"14":{"start":{"line":31,"column":2},"end":{"line":37,"column":null}},"15":{"start":{"line":32,"column":17},"end":{"line":32,"column":null}},"16":{"start":{"line":33,"column":4},"end":{"line":33,"column":null}},"17":{"start":{"line":35,"column":4},"end":{"line":35,"column":null}},"18":{"start":{"line":36,"column":4},"end":{"line":36,"column":null}},"19":{"start":{"line":41,"column":19},"end":{"line":41,"column":null}},"20":{"start":{"line":42,"column":2},"end":{"line":42,"column":null}},"21":{"start":{"line":42,"column":14},"end":{"line":42,"column":null}},"22":{"start":{"line":43,"column":2},"end":{"line":43,"column":null}},"23":{"start":{"line":45,"column":19},"end":{"line":57,"column":null}},"24":{"start":{"line":58,"column":2},"end":{"line":61,"column":null}},"25":{"start":{"line":59,"column":19},"end":{"line":59,"column":null}},"26":{"start":{"line":59,"column":53},"end":{"line":59,"column":55}},"27":{"start":{"line":60,"column":4},"end":{"line":60,"column":null}},"28":{"start":{"line":62,"column":15},"end":{"line":62,"column":null}},"29":{"start":{"line":63,"column":18},"end":{"line":63,"column":null}},"30":{"start":{"line":64,"column":2},"end":{"line":64,"column":null}},"31":{"start":{"line":64,"column":16},"end":{"line":64,"column":null}},"32":{"start":{"line":65,"column":2},"end":{"line":65,"column":null}}},"fnMap":{"0":{"name":"handler","decl":{"start":{"line":9,"column":30},"end":{"line":9,"column":38}},"loc":{"start":{"line":9,"column":48},"end":{"line":38,"column":null}},"line":9},"1":{"name":"openaiChat","decl":{"start":{"line":40,"column":15},"end":{"line":40,"column":26}},"loc":{"start":{"line":40,"column":60},"end":{"line":66,"column":null}},"line":40},"2":{"name":"(anonymous_2)","decl":{"start":{"line":59,"column":41},"end":{"line":59,"column":53}},"loc":{"start":{"line":59,"column":53},"end":{"line":59,"column":55}},"line":59}},"branchMap":{"0":{"loc":{"start":{"line":13,"column":2},"end":{"line":15,"column":null}},"type":"if","locations":[{"start":{"line":13,"column":2},"end":{"line":15,"column":null}},{"start":{},"end":{}}],"line":13},"1":{"loc":{"start":{"line":16,"column":2},"end":{"line":18,"column":null}},"type":"if","locations":[{"start":{"line":16,"column":2},"end":{"line":18,"column":null}},{"start":{},"end":{}}],"line":16},"2":{"loc":{"start":{"line":19,"column":2},"end":{"line":21,"column":null}},"type":"if","locations":[{"start":{"line":19,"column":2},"end":{"line":21,"column":null}},{"start":{},"end":{}}],"line":19},"3":{"loc":{"start":{"line":23,"column":35},"end":{"line":23,"column":null}},"type":"binary-expr","locations":[{"start":{"line":23,"column":35},"end":{"line":23,"column":47}},{"start":{"line":23,"column":47},"end":{"line":23,"column":null}}],"line":23},"4":{"loc":{"start":{"line":24,"column":2},"end":{"line":26,"column":null}},"type":"if","locations":[{"start":{"line":24,"column":2},"end":{"line":26,"column":null}},{"start":{},"end":{}}],"line":24},"5":{"loc":{"start":{"line":24,"column":6},"end":{"line":24,"column":52}},"type":"binary-expr","locations":[{"start":{"line":24,"column":6},"end":{"line":24,"column":36}},{"start":{"line":24,"column":36},"end":{"line":24,"column":52}}],"line":24},"6":{"loc":{"start":{"line":27,"column":2},"end":{"line":29,"column":null}},"type":"if","locations":[{"start":{"line":27,"column":2},"end":{"line":29,"column":null}},{"start":{},"end":{}}],"line":27},"7":{"loc":{"start":{"line":27,"column":6},"end":{"line":27,"column":88}},"type":"binary-expr","locations":[{"start":{"line":27,"column":6},"end":{"line":27,"column":43}},{"start":{"line":27,"column":43},"end":{"line":27,"column":53}},{"start":{"line":27,"column":53},"end":{"line":27,"column":88}}],"line":27},"8":{"loc":{"start":{"line":36,"column":44},"end":{"line":36,"column":65}},"type":"binary-expr","locations":[{"start":{"line":36,"column":44},"end":{"line":36,"column":59}},{"start":{"line":36,"column":59},"end":{"line":36,"column":65}}],"line":36},"9":{"loc":{"start":{"line":42,"column":2},"end":{"line":42,"column":null}},"type":"if","locations":[{"start":{"line":42,"column":2},"end":{"line":42,"column":null}},{"start":{},"end":{}}],"line":42},"10":{"loc":{"start":{"line":55,"column":10},"end":{"line":55,"column":null}},"type":"cond-expr","locations":[{"start":{"line":55,"column":17},"end":{"line":55,"column":64}},{"start":{"line":55,"column":64},"end":{"line":55,"column":null}}],"line":55},"11":{"loc":{"start":{"line":58,"column":2},"end":{"line":61,"column":null}},"type":"if","locations":[{"start":{"line":58,"column":2},"end":{"line":61,"column":null}},{"start":{},"end":{}}],"line":58},"12":{"loc":{"start":{"line":64,"column":2},"end":{"line":64,"column":null}},"type":"if","locations":[{"start":{"line":64,"column":2},"end":{"line":64,"column":null}},{"start":{},"end":{}}],"line":64}},"s":{"0":1,"1":8,"2":8,"3":8,"4":2,"5":6,"6":1,"7":5,"8":1,"9":4,"10":8,"11":1,"12":3,"13":1,"14":2,"15":2,"16":1,"17":1,"18":1,"19":2,"20":2,"21":0,"22":2,"23":2,"24":2,"25":1,"26":0,"27":1,"28":1,"29":1,"30":2,"31":0,"32":1},"f":{"0":8,"1":2,"2":0},"b":{"0":[2,6],"1":[1,5],"2":[1,4],"3":[4,0],"4":[1,7],"5":[8,3],"6":[1,2],"7":[3,2,0],"8":[1,0],"9":[0,2],"10":[0,2],"11":[1,1],"12":[0,2]},"meta":{"lastBranch":13,"lastFunction":3,"lastStatement":33,"seen":{"s:7:25:7:Infinity":0,"f:9:30:9:38":0,"s:10:20:10:Infinity":1,"s:11:17:11:Infinity":2,"b:13:2:15:Infinity:undefined:undefined:undefined:undefined":0,"s:13:2:15:Infinity":3,"s:14:4:14:Infinity":4,"b:16:2:18:Infinity:undefined:undefined:undefined:undefined":1,"s:16:2:18:Infinity":5,"s:17:4:17:Infinity":6,"b:19:2:21:Infinity:undefined:undefined:undefined:undefined":2,"s:19:2:21:Infinity":7,"s:20:4:20:Infinity":8,"s:23:35:23:Infinity":9,"b:23:35:23:47:23:47:23:Infinity":3,"b:24:2:26:Infinity:undefined:undefined:undefined:undefined":4,"s:24:2:26:Infinity":10,"b:24:6:24:36:24:36:24:52":5,"s:25:4:25:Infinity":11,"b:27:2:29:Infinity:undefined:undefined:undefined:undefined":6,"s:27:2:29:Infinity":12,"b:27:6:27:43:27:43:27:53:27:53:27:88":7,"s:28:4:28:Infinity":13,"s:31:2:37:Infinity":14,"s:32:17:32:Infinity":15,"s:33:4:33:Infinity":16,"s:35:4:35:Infinity":17,"s:36:4:36:Infinity":18,"b:36:44:36:59:36:59:36:65":8,"f:40:15:40:26":1,"s:41:19:41:Infinity":19,"b:42:2:42:Infinity:undefined:undefined:undefined:undefined":9,"s:42:2:42:Infinity":20,"s:42:14:42:Infinity":21,"s:43:2:43:Infinity":22,"s:45:19:57:Infinity":23,"b:55:17:55:64:55:64:55:Infinity":10,"b:58:2:61:Infinity:undefined:undefined:undefined:undefined":11,"s:58:2:61:Infinity":24,"s:59:19:59:Infinity":25,"f:59:41:59:53":2,"s:59:53:59:55":26,"s:60:4:60:Infinity":27,"s:62:15:62:Infinity":28,"s:63:18:63:Infinity":29,"b:64:2:64:Infinity:undefined:undefined:undefined:undefined":12,"s:64:2:64:Infinity":30,"s:64:16:64:Infinity":31,"s:65:2:65:Infinity":32},"fnNames":{}}}
,"/Users/aurora/Desktop/Zenflow OS/src/lib/ai.js": {"path":"/Users/aurora/Desktop/Zenflow OS/src/lib/ai.js","statementMap":{"0":{"start":{"line":4,"column":25},"end":{"line":6,"column":null}},"1":{"start":{"line":12,"column":18},"end":{"line":12,"column":null}},"2":{"start":{"line":15,"column":2},"end":{"line":15,"column":null}},"3":{"start":{"line":15,"column":28},"end":{"line":15,"column":null}},"4":{"start":{"line":16,"column":2},"end":{"line":22,"column":null}},"5":{"start":{"line":17,"column":21},"end":{"line":17,"column":null}},"6":{"start":{"line":18,"column":17},"end":{"line":18,"column":null}},"7":{"start":{"line":19,"column":4},"end":{"line":19,"column":null}},"8":{"start":{"line":21,"column":4},"end":{"line":21,"column":null}},"9":{"start":{"line":23,"column":2},"end":{"line":23,"column":null}},"10":{"start":{"line":27,"column":2},"end":{"line":27,"column":null}},"11":{"start":{"line":31,"column":19},"end":{"line":35,"column":null}},"12":{"start":{"line":36,"column":15},"end":{"line":36,"column":null}},"13":{"start":{"line":36,"column":50},"end":{"line":36,"column":53}},"14":{"start":{"line":37,"column":2},"end":{"line":39,"column":null}},"15":{"start":{"line":38,"column":4},"end":{"line":38,"column":null}},"16":{"start":{"line":40,"column":2},"end":{"line":40,"column":null}},"17":{"start":{"line":40,"column":19},"end":{"line":40,"column":null}},"18":{"start":{"line":41,"column":2},"end":{"line":41,"column":null}},"19":{"start":{"line":46,"column":2},"end":{"line":46,"column":null}},"20":{"start":{"line":50,"column":2},"end":{"line":50,"column":null}},"21":{"start":{"line":54,"column":22},"end":{"line":58,"column":null}},"22":{"start":{"line":56,"column":20},"end":{"line":56,"column":81}},"23":{"start":{"line":59,"column":2},"end":{"line":61,"column":null}},"24":{"start":{"line":72,"column":18},"end":{"line":76,"column":null}},"25":{"start":{"line":77,"column":2},"end":{"line":77,"column":null}},"26":{"start":{"line":83,"column":19},"end":{"line":83,"column":null}},"27":{"start":{"line":84,"column":2},"end":{"line":84,"column":null}},"28":{"start":{"line":84,"column":14},"end":{"line":84,"column":null}},"29":{"start":{"line":85,"column":2},"end":{"line":85,"column":null}},"30":{"start":{"line":87,"column":19},"end":{"line":99,"column":null}},"31":{"start":{"line":101,"column":2},"end":{"line":104,"column":null}},"32":{"start":{"line":102,"column":19},"end":{"line":102,"column":null}},"33":{"start":{"line":102,"column":53},"end":{"line":102,"column":55}},"34":{"start":{"line":103,"column":4},"end":{"line":103,"column":null}},"35":{"start":{"line":106,"column":15},"end":{"line":106,"column":null}},"36":{"start":{"line":107,"column":18},"end":{"line":107,"column":null}},"37":{"start":{"line":108,"column":2},"end":{"line":108,"column":null}},"38":{"start":{"line":108,"column":16},"end":{"line":108,"column":null}},"39":{"start":{"line":109,"column":2},"end":{"line":109,"column":null}},"40":{"start":{"line":116,"column":17},"end":{"line":116,"column":null}},"41":{"start":{"line":118,"column":2},"end":{"line":124,"column":null}},"42":{"start":{"line":119,"column":17},"end":{"line":122,"column":null}},"43":{"start":{"line":123,"column":4},"end":{"line":123,"column":null}},"44":{"start":{"line":126,"column":18},"end":{"line":130,"column":null}},"45":{"start":{"line":131,"column":2},"end":{"line":131,"column":null}},"46":{"start":{"line":136,"column":2},"end":{"line":138,"column":null}},"47":{"start":{"line":137,"column":4},"end":{"line":137,"column":null}},"48":{"start":{"line":140,"column":2},"end":{"line":140,"column":null}}},"fnMap":{"0":{"name":"probeHosted","decl":{"start":{"line":14,"column":22},"end":{"line":14,"column":36}},"loc":{"start":{"line":14,"column":36},"end":{"line":24,"column":null}},"line":14},"1":{"name":"isHostedReady","decl":{"start":{"line":26,"column":16},"end":{"line":26,"column":32}},"loc":{"start":{"line":26,"column":32},"end":{"line":28,"column":null}},"line":26},"2":{"name":"hostedChat","decl":{"start":{"line":30,"column":15},"end":{"line":30,"column":26}},"loc":{"start":{"line":30,"column":60},"end":{"line":42,"column":null}},"line":30},"3":{"name":"(anonymous_3)","decl":{"start":{"line":36,"column":37},"end":{"line":36,"column":50}},"loc":{"start":{"line":36,"column":50},"end":{"line":36,"column":53}},"line":36},"4":{"name":"aiAvailable","decl":{"start":{"line":45,"column":16},"end":{"line":45,"column":28}},"loc":{"start":{"line":45,"column":32},"end":{"line":47,"column":null}},"line":45},"5":{"name":"hasUsableKey","decl":{"start":{"line":49,"column":16},"end":{"line":49,"column":29}},"loc":{"start":{"line":49,"column":44},"end":{"line":51,"column":null}},"line":49},"6":{"name":"schedulePrompt","decl":{"start":{"line":53,"column":9},"end":{"line":53,"column":24}},"loc":{"start":{"line":53,"column":50},"end":{"line":69,"column":null}},"line":53},"7":{"name":"(anonymous_7)","decl":{"start":{"line":56,"column":9},"end":{"line":56,"column":14}},"loc":{"start":{"line":56,"column":20},"end":{"line":56,"column":81}},"line":56},"8":{"name":"extractJSON","decl":{"start":{"line":71,"column":16},"end":{"line":71,"column":28}},"loc":{"start":{"line":71,"column":34},"end":{"line":78,"column":null}},"line":71},"9":{"name":"openaiChat","decl":{"start":{"line":82,"column":15},"end":{"line":82,"column":26}},"loc":{"start":{"line":82,"column":68},"end":{"line":110,"column":null}},"line":82},"10":{"name":"(anonymous_10)","decl":{"start":{"line":102,"column":41},"end":{"line":102,"column":53}},"loc":{"start":{"line":102,"column":53},"end":{"line":102,"column":55}},"line":102},"11":{"name":"generateScheduleWithAI","decl":{"start":{"line":115,"column":22},"end":{"line":115,"column":45}},"loc":{"start":{"line":115,"column":89},"end":{"line":132,"column":null}},"line":115},"12":{"name":"chatWithAI","decl":{"start":{"line":135,"column":22},"end":{"line":135,"column":33}},"loc":{"start":{"line":135,"column":71},"end":{"line":141,"column":null}},"line":135}},"branchMap":{"0":{"loc":{"start":{"line":15,"column":2},"end":{"line":15,"column":null}},"type":"if","locations":[{"start":{"line":15,"column":2},"end":{"line":15,"column":null}},{"start":{},"end":{}}],"line":15},"1":{"loc":{"start":{"line":30,"column":44},"end":{"line":30,"column":60}},"type":"default-arg","locations":[{"start":{"line":30,"column":51},"end":{"line":30,"column":60}}],"line":30},"2":{"loc":{"start":{"line":37,"column":2},"end":{"line":39,"column":null}},"type":"if","locations":[{"start":{"line":37,"column":2},"end":{"line":39,"column":null}},{"start":{},"end":{}}],"line":37},"3":{"loc":{"start":{"line":38,"column":20},"end":{"line":38,"column":82}},"type":"binary-expr","locations":[{"start":{"line":38,"column":20},"end":{"line":38,"column":35}},{"start":{"line":38,"column":35},"end":{"line":38,"column":82}}],"line":38},"4":{"loc":{"start":{"line":40,"column":2},"end":{"line":40,"column":null}},"type":"if","locations":[{"start":{"line":40,"column":2},"end":{"line":40,"column":null}},{"start":{},"end":{}}],"line":40},"5":{"loc":{"start":{"line":46,"column":9},"end":{"line":46,"column":null}},"type":"binary-expr","locations":[{"start":{"line":46,"column":9},"end":{"line":46,"column":51}},{"start":{"line":46,"column":51},"end":{"line":46,"column":null}}],"line":46},"6":{"loc":{"start":{"line":50,"column":9},"end":{"line":50,"column":null}},"type":"binary-expr","locations":[{"start":{"line":50,"column":9},"end":{"line":50,"column":34}},{"start":{"line":50,"column":34},"end":{"line":50,"column":50}},{"start":{"line":50,"column":50},"end":{"line":50,"column":null}}],"line":50},"7":{"loc":{"start":{"line":54,"column":22},"end":{"line":58,"column":null}},"type":"cond-expr","locations":[{"start":{"line":55,"column":6},"end":{"line":57,"column":null}},{"start":{"line":58,"column":6},"end":{"line":58,"column":null}}],"line":54},"8":{"loc":{"start":{"line":56,"column":34},"end":{"line":56,"column":81}},"type":"cond-expr","locations":[{"start":{"line":56,"column":47},"end":{"line":56,"column":77}},{"start":{"line":56,"column":77},"end":{"line":56,"column":81}}],"line":56},"9":{"loc":{"start":{"line":61,"column":23},"end":{"line":61,"column":53}},"type":"binary-expr","locations":[{"start":{"line":61,"column":23},"end":{"line":61,"column":32}},{"start":{"line":61,"column":32},"end":{"line":61,"column":53}}],"line":61},"10":{"loc":{"start":{"line":82,"column":52},"end":{"line":82,"column":68}},"type":"default-arg","locations":[{"start":{"line":82,"column":59},"end":{"line":82,"column":68}}],"line":82},"11":{"loc":{"start":{"line":84,"column":2},"end":{"line":84,"column":null}},"type":"if","locations":[{"start":{"line":84,"column":2},"end":{"line":84,"column":null}},{"start":{},"end":{}}],"line":84},"12":{"loc":{"start":{"line":97,"column":10},"end":{"line":97,"column":null}},"type":"cond-expr","locations":[{"start":{"line":97,"column":17},"end":{"line":97,"column":64}},{"start":{"line":97,"column":64},"end":{"line":97,"column":null}}],"line":97},"13":{"loc":{"start":{"line":101,"column":2},"end":{"line":104,"column":null}},"type":"if","locations":[{"start":{"line":101,"column":2},"end":{"line":104,"column":null}},{"start":{},"end":{}}],"line":101},"14":{"loc":{"start":{"line":108,"column":2},"end":{"line":108,"column":null}},"type":"if","locations":[{"start":{"line":108,"column":2},"end":{"line":108,"column":null}},{"start":{},"end":{}}],"line":108},"15":{"loc":{"start":{"line":118,"column":2},"end":{"line":124,"column":null}},"type":"if","locations":[{"start":{"line":118,"column":2},"end":{"line":124,"column":null}},{"start":{},"end":{}}],"line":118},"16":{"loc":{"start":{"line":136,"column":2},"end":{"line":138,"column":null}},"type":"if","locations":[{"start":{"line":136,"column":2},"end":{"line":138,"column":null}},{"start":{},"end":{}}],"line":136}},"s":{"0":10,"1":10,"2":3,"3":1,"4":2,"5":2,"6":1,"7":1,"8":1,"9":2,"10":3,"11":3,"12":3,"13":0,"14":3,"15":1,"16":2,"17":0,"18":2,"19":2,"20":8,"21":1,"22":1,"23":1,"24":5,"25":5,"26":0,"27":0,"28":0,"29":0,"30":0,"31":0,"32":0,"33":0,"34":0,"35":0,"36":0,"37":0,"38":0,"39":0,"40":1,"41":1,"42":1,"43":1,"44":0,"45":0,"46":2,"47":2,"48":0},"f":{"0":3,"1":3,"2":3,"3":0,"4":2,"5":8,"6":1,"7":1,"8":5,"9":0,"10":0,"11":1,"12":2},"b":{"0":[1,2],"1":[3],"2":[1,2],"3":[1,0],"4":[0,2],"5":[2,1],"6":[8,7,2],"7":[1,0],"8":[1,0],"9":[1,0],"10":[0],"11":[0,0],"12":[0,0],"13":[0,0],"14":[0,0],"15":[1,0],"16":[2,0]},"meta":{"lastBranch":17,"lastFunction":13,"lastStatement":49,"seen":{"s:4:25:6:Infinity":0,"s:12:18:12:Infinity":1,"f:14:22:14:36":0,"b:15:2:15:Infinity:undefined:undefined:undefined:undefined":0,"s:15:2:15:Infinity":2,"s:15:28:15:Infinity":3,"s:16:2:22:Infinity":4,"s:17:21:17:Infinity":5,"s:18:17:18:Infinity":6,"s:19:4:19:Infinity":7,"s:21:4:21:Infinity":8,"s:23:2:23:Infinity":9,"f:26:16:26:32":1,"s:27:2:27:Infinity":10,"f:30:15:30:26":2,"b:30:51:30:60":1,"s:31:19:35:Infinity":11,"s:36:15:36:Infinity":12,"f:36:37:36:50":3,"s:36:50:36:53":13,"b:37:2:39:Infinity:undefined:undefined:undefined:undefined":2,"s:37:2:39:Infinity":14,"s:38:4:38:Infinity":15,"b:38:20:38:35:38:35:38:82":3,"b:40:2:40:Infinity:undefined:undefined:undefined:undefined":4,"s:40:2:40:Infinity":16,"s:40:19:40:Infinity":17,"s:41:2:41:Infinity":18,"f:45:16:45:28":4,"s:46:2:46:Infinity":19,"b:46:9:46:51:46:51:46:Infinity":5,"f:49:16:49:29":5,"s:50:2:50:Infinity":20,"b:50:9:50:34:50:34:50:50:50:50:50:Infinity":6,"f:53:9:53:24":6,"s:54:22:58:Infinity":21,"b:55:6:57:Infinity:58:6:58:Infinity":7,"f:56:9:56:14":7,"s:56:20:56:81":22,"b:56:47:56:77:56:77:56:81":8,"s:59:2:61:Infinity":23,"b:61:23:61:32:61:32:61:53":9,"f:71:16:71:28":8,"s:72:18:76:Infinity":24,"s:77:2:77:Infinity":25,"f:82:15:82:26":9,"b:82:59:82:68":10,"s:83:19:83:Infinity":26,"b:84:2:84:Infinity:undefined:undefined:undefined:undefined":11,"s:84:2:84:Infinity":27,"s:84:14:84:Infinity":28,"s:85:2:85:Infinity":29,"s:87:19:99:Infinity":30,"b:97:17:97:64:97:64:97:Infinity":12,"b:101:2:104:Infinity:undefined:undefined:undefined:undefined":13,"s:101:2:104:Infinity":31,"s:102:19:102:Infinity":32,"f:102:41:102:53":10,"s:102:53:102:55":33,"s:103:4:103:Infinity":34,"s:106:15:106:Infinity":35,"s:107:18:107:Infinity":36,"b:108:2:108:Infinity:undefined:undefined:undefined:undefined":14,"s:108:2:108:Infinity":37,"s:108:16:108:Infinity":38,"s:109:2:109:Infinity":39,"f:115:22:115:45":11,"s:116:17:116:Infinity":40,"b:118:2:124:Infinity:undefined:undefined:undefined:undefined":15,"s:118:2:124:Infinity":41,"s:119:17:122:Infinity":42,"s:123:4:123:Infinity":43,"s:126:18:130:Infinity":44,"s:131:2:131:Infinity":45,"f:135:22:135:33":12,"b:136:2:138:Infinity:undefined:undefined:undefined:undefined":16,"s:136:2:138:Infinity":46,"s:137:4:137:Infinity":47,"s:140:2:140:Infinity":48},"fnNames":{}}}
,"/Users/aurora/Desktop/Zenflow OS/src/lib/stats.js": {"path":"/Users/aurora/Desktop/Zenflow OS/src/lib/stats.js","statementMap":{"0":{"start":{"line":6,"column":12},"end":{"line":6,"column":null}},"1":{"start":{"line":8,"column":16},"end":{"line":8,"column":null}},"2":{"start":{"line":11,"column":15},"end":{"line":11,"column":null}},"3":{"start":{"line":12,"column":2},"end":{"line":12,"column":null}},"4":{"start":{"line":12,"column":18},"end":{"line":12,"column":null}},"5":{"start":{"line":13,"column":2},"end":{"line":13,"column":null}},"6":{"start":{"line":17,"column":2},"end":{"line":17,"column":null}},"7":{"start":{"line":18,"column":2},"end":{"line":18,"column":null}},"8":{"start":{"line":18,"column":28},"end":{"line":18,"column":36}},"9":{"start":{"line":22,"column":12},"end":{"line":22,"column":null}},"10":{"start":{"line":23,"column":12},"end":{"line":23,"column":null}},"11":{"start":{"line":24,"column":12},"end":{"line":24,"column":null}},"12":{"start":{"line":25,"column":2},"end":{"line":25,"column":null}},"13":{"start":{"line":29,"column":2},"end":{"line":31,"column":null}},"14":{"start":{"line":30,"column":4},"end":{"line":30,"column":null}},"15":{"start":{"line":32,"column":2},"end":{"line":32,"column":null}},"16":{"start":{"line":36,"column":15},"end":{"line":36,"column":null}},"17":{"start":{"line":37,"column":14},"end":{"line":37,"column":null}},"18":{"start":{"line":38,"column":2},"end":{"line":38,"column":null}},"19":{"start":{"line":39,"column":2},"end":{"line":39,"column":null}},"20":{"start":{"line":40,"column":2},"end":{"line":40,"column":null}},"21":{"start":{"line":44,"column":15},"end":{"line":44,"column":null}},"22":{"start":{"line":45,"column":14},"end":{"line":45,"column":null}},"23":{"start":{"line":46,"column":2},"end":{"line":46,"column":null}},"24":{"start":{"line":47,"column":2},"end":{"line":47,"column":null}},"25":{"start":{"line":52,"column":15},"end":{"line":52,"column":null}},"26":{"start":{"line":53,"column":14},"end":{"line":53,"column":null}},"27":{"start":{"line":54,"column":2},"end":{"line":65,"column":null}},"28":{"start":{"line":54,"column":15},"end":{"line":54,"column":22}},"29":{"start":{"line":55,"column":14},"end":{"line":55,"column":null}},"30":{"start":{"line":56,"column":4},"end":{"line":56,"column":null}},"31":{"start":{"line":57,"column":16},"end":{"line":57,"column":null}},"32":{"start":{"line":58,"column":18},"end":{"line":58,"column":null}},"33":{"start":{"line":59,"column":4},"end":{"line":64,"column":null}},"34":{"start":{"line":66,"column":2},"end":{"line":66,"column":null}},"35":{"start":{"line":71,"column":15},"end":{"line":71,"column":null}},"36":{"start":{"line":72,"column":15},"end":{"line":72,"column":null}},"37":{"start":{"line":73,"column":16},"end":{"line":73,"column":null}},"38":{"start":{"line":75,"column":2},"end":{"line":77,"column":null}},"39":{"start":{"line":76,"column":4},"end":{"line":76,"column":null}},"40":{"start":{"line":78,"column":2},"end":{"line":81,"column":null}},"41":{"start":{"line":79,"column":4},"end":{"line":79,"column":null}},"42":{"start":{"line":80,"column":4},"end":{"line":80,"column":null}},"43":{"start":{"line":82,"column":2},"end":{"line":82,"column":null}},"44":{"start":{"line":86,"column":15},"end":{"line":86,"column":null}},"45":{"start":{"line":87,"column":2},"end":{"line":94,"column":null}},"46":{"start":{"line":88,"column":17},"end":{"line":92,"column":null}},"47":{"start":{"line":98,"column":2},"end":{"line":98,"column":null}},"48":{"start":{"line":99,"column":2},"end":{"line":101,"column":null}},"49":{"start":{"line":100,"column":4},"end":{"line":100,"column":null}},"50":{"start":{"line":100,"column":40},"end":{"line":100,"column":48}}},"fnMap":{"0":{"name":"read","decl":{"start":{"line":10,"column":9},"end":{"line":10,"column":16}},"loc":{"start":{"line":10,"column":16},"end":{"line":14,"column":null}},"line":10},"1":{"name":"write","decl":{"start":{"line":16,"column":9},"end":{"line":16,"column":15}},"loc":{"start":{"line":16,"column":21},"end":{"line":19,"column":null}},"line":16},"2":{"name":"(anonymous_2)","decl":{"start":{"line":18,"column":12},"end":{"line":18,"column":21}},"loc":{"start":{"line":18,"column":28},"end":{"line":18,"column":36}},"line":18},"3":{"name":"dateKey","decl":{"start":{"line":21,"column":16},"end":{"line":21,"column":24}},"loc":{"start":{"line":21,"column":43},"end":{"line":26,"column":null}},"line":21},"4":{"name":"ensureDay","decl":{"start":{"line":28,"column":9},"end":{"line":28,"column":19}},"loc":{"start":{"line":28,"column":30},"end":{"line":33,"column":null}},"line":28},"5":{"name":"recordFocusSession","decl":{"start":{"line":35,"column":16},"end":{"line":35,"column":35}},"loc":{"start":{"line":35,"column":44},"end":{"line":41,"column":null}},"line":35},"6":{"name":"recordTaskCompleted","decl":{"start":{"line":43,"column":16},"end":{"line":43,"column":38}},"loc":{"start":{"line":43,"column":38},"end":{"line":48,"column":null}},"line":43},"7":{"name":"getLastDays","decl":{"start":{"line":51,"column":16},"end":{"line":51,"column":28}},"loc":{"start":{"line":51,"column":35},"end":{"line":67,"column":null}},"line":51},"8":{"name":"getStreak","decl":{"start":{"line":70,"column":16},"end":{"line":70,"column":28}},"loc":{"start":{"line":70,"column":28},"end":{"line":83,"column":null}},"line":70},"9":{"name":"getTotals","decl":{"start":{"line":85,"column":16},"end":{"line":85,"column":28}},"loc":{"start":{"line":85,"column":28},"end":{"line":95,"column":null}},"line":85},"10":{"name":"(anonymous_10)","decl":{"start":{"line":87,"column":34},"end":{"line":87,"column":null}},"loc":{"start":{"line":88,"column":17},"end":{"line":92,"column":null}},"line":88},"11":{"name":"subscribeStats","decl":{"start":{"line":97,"column":16},"end":{"line":97,"column":31}},"loc":{"start":{"line":97,"column":35},"end":{"line":102,"column":null}},"line":97},"12":{"name":"(anonymous_12)","decl":{"start":{"line":99,"column":2},"end":{"line":99,"column":15}},"loc":{"start":{"line":99,"column":15},"end":{"line":101,"column":null}},"line":99},"13":{"name":"(anonymous_13)","decl":{"start":{"line":100,"column":26},"end":{"line":100,"column":34}},"loc":{"start":{"line":100,"column":40},"end":{"line":100,"column":48}},"line":100}},"branchMap":{"0":{"loc":{"start":{"line":12,"column":2},"end":{"line":12,"column":null}},"type":"if","locations":[{"start":{"line":12,"column":2},"end":{"line":12,"column":null}},{"start":{},"end":{}}],"line":12},"1":{"loc":{"start":{"line":21,"column":24},"end":{"line":21,"column":43}},"type":"default-arg","locations":[{"start":{"line":21,"column":31},"end":{"line":21,"column":43}}],"line":21},"2":{"loc":{"start":{"line":29,"column":2},"end":{"line":31,"column":null}},"type":"if","locations":[{"start":{"line":29,"column":2},"end":{"line":31,"column":null}},{"start":{},"end":{}}],"line":29},"3":{"loc":{"start":{"line":51,"column":28},"end":{"line":51,"column":35}},"type":"default-arg","locations":[{"start":{"line":51,"column":32},"end":{"line":51,"column":35}}],"line":51},"4":{"loc":{"start":{"line":58,"column":18},"end":{"line":58,"column":null}},"type":"binary-expr","locations":[{"start":{"line":58,"column":18},"end":{"line":58,"column":36}},{"start":{"line":58,"column":36},"end":{"line":58,"column":null}}],"line":58},"5":{"loc":{"start":{"line":75,"column":2},"end":{"line":77,"column":null}},"type":"if","locations":[{"start":{"line":75,"column":2},"end":{"line":77,"column":null}},{"start":{},"end":{}}],"line":75},"6":{"loc":{"start":{"line":89,"column":40},"end":{"line":89,"column":null}},"type":"binary-expr","locations":[{"start":{"line":89,"column":40},"end":{"line":89,"column":58}},{"start":{"line":89,"column":58},"end":{"line":89,"column":null}}],"line":89},"7":{"loc":{"start":{"line":90,"column":32},"end":{"line":90,"column":null}},"type":"binary-expr","locations":[{"start":{"line":90,"column":32},"end":{"line":90,"column":46}},{"start":{"line":90,"column":46},"end":{"line":90,"column":null}}],"line":90},"8":{"loc":{"start":{"line":91,"column":44},"end":{"line":91,"column":null}},"type":"binary-expr","locations":[{"start":{"line":91,"column":44},"end":{"line":91,"column":64}},{"start":{"line":91,"column":64},"end":{"line":91,"column":null}}],"line":91}},"s":{"0":1,"1":1,"2":16,"3":16,"4":0,"5":16,"6":7,"7":7,"8":1,"9":47,"10":47,"11":47,"12":47,"13":7,"14":3,"15":7,"16":4,"17":4,"18":4,"19":4,"20":4,"21":3,"22":3,"23":3,"24":3,"25":3,"26":3,"27":3,"28":3,"29":9,"30":9,"31":9,"32":9,"33":9,"34":3,"35":5,"36":5,"37":5,"38":5,"39":2,"40":5,"41":7,"42":7,"43":5,"44":1,"45":1,"46":2,"47":1,"48":1,"49":1,"50":1},"f":{"0":16,"1":7,"2":1,"3":47,"4":7,"5":4,"6":3,"7":3,"8":5,"9":1,"10":2,"11":1,"12":1,"13":1},"b":{"0":[0,16],"1":[47],"2":[3,4],"3":[3],"4":[9,6],"5":[2,3],"6":[2,0],"7":[2,0],"8":[2,1]},"meta":{"lastBranch":9,"lastFunction":14,"lastStatement":51,"seen":{"s:6:12:6:Infinity":0,"s:8:16:8:Infinity":1,"f:10:9:10:16":0,"s:11:15:11:Infinity":2,"b:12:2:12:Infinity:undefined:undefined:undefined:undefined":0,"s:12:2:12:Infinity":3,"s:12:18:12:Infinity":4,"s:13:2:13:Infinity":5,"f:16:9:16:15":1,"s:17:2:17:Infinity":6,"s:18:2:18:Infinity":7,"f:18:12:18:21":2,"s:18:28:18:36":8,"f:21:16:21:24":3,"b:21:31:21:43":1,"s:22:12:22:Infinity":9,"s:23:12:23:Infinity":10,"s:24:12:24:Infinity":11,"s:25:2:25:Infinity":12,"f:28:9:28:19":4,"b:29:2:31:Infinity:undefined:undefined:undefined:undefined":2,"s:29:2:31:Infinity":13,"s:30:4:30:Infinity":14,"s:32:2:32:Infinity":15,"f:35:16:35:35":5,"s:36:15:36:Infinity":16,"s:37:14:37:Infinity":17,"s:38:2:38:Infinity":18,"s:39:2:39:Infinity":19,"s:40:2:40:Infinity":20,"f:43:16:43:38":6,"s:44:15:44:Infinity":21,"s:45:14:45:Infinity":22,"s:46:2:46:Infinity":23,"s:47:2:47:Infinity":24,"f:51:16:51:28":7,"b:51:32:51:35":3,"s:52:15:52:Infinity":25,"s:53:14:53:Infinity":26,"s:54:2:65:Infinity":27,"s:54:15:54:22":28,"s:55:14:55:Infinity":29,"s:56:4:56:Infinity":30,"s:57:16:57:Infinity":31,"s:58:18:58:Infinity":32,"b:58:18:58:36:58:36:58:Infinity":4,"s:59:4:64:Infinity":33,"s:66:2:66:Infinity":34,"f:70:16:70:28":8,"s:71:15:71:Infinity":35,"s:72:15:72:Infinity":36,"s:73:16:73:Infinity":37,"b:75:2:77:Infinity:undefined:undefined:undefined:undefined":5,"s:75:2:77:Infinity":38,"s:76:4:76:Infinity":39,"s:78:2:81:Infinity":40,"s:79:4:79:Infinity":41,"s:80:4:80:Infinity":42,"s:82:2:82:Infinity":43,"f:85:16:85:28":9,"s:86:15:86:Infinity":44,"s:87:2:94:Infinity":45,"f:87:34:87:Infinity":10,"s:88:17:92:Infinity":46,"b:89:40:89:58:89:58:89:Infinity":6,"b:90:32:90:46:90:46:90:Infinity":7,"b:91:44:91:64:91:64:91:Infinity":8,"f:97:16:97:31":11,"s:98:2:98:Infinity":47,"s:99:2:101:Infinity":48,"f:99:2:99:15":12,"s:100:4:100:Infinity":49,"f:100:26:100:34":13,"s:100:40:100:48":50},"fnNames":{}}}
,"/Users/aurora/Desktop/Zenflow OS/src/lib/storage.js": {"path":"/Users/aurora/Desktop/Zenflow OS/src/lib/storage.js","statementMap":{"0":{"start":{"line":4,"column":2},"end":{"line":9,"column":null}},"1":{"start":{"line":5,"column":16},"end":{"line":5,"column":null}},"2":{"start":{"line":6,"column":4},"end":{"line":6,"column":null}},"3":{"start":{"line":8,"column":4},"end":{"line":8,"column":null}},"4":{"start":{"line":13,"column":2},"end":{"line":17,"column":null}},"5":{"start":{"line":14,"column":4},"end":{"line":14,"column":null}},"6":{"start":{"line":21,"column":2},"end":{"line":25,"column":null}},"7":{"start":{"line":22,"column":4},"end":{"line":22,"column":null}},"8":{"start":{"line":24,"column":4},"end":{"line":24,"column":null}},"9":{"start":{"line":29,"column":2},"end":{"line":33,"column":null}},"10":{"start":{"line":30,"column":4},"end":{"line":30,"column":null}}},"fnMap":{"0":{"name":"loadJSON","decl":{"start":{"line":3,"column":16},"end":{"line":3,"column":25}},"loc":{"start":{"line":3,"column":40},"end":{"line":10,"column":null}},"line":3},"1":{"name":"saveJSON","decl":{"start":{"line":12,"column":16},"end":{"line":12,"column":25}},"loc":{"start":{"line":12,"column":37},"end":{"line":18,"column":null}},"line":12},"2":{"name":"loadString","decl":{"start":{"line":20,"column":16},"end":{"line":20,"column":27}},"loc":{"start":{"line":20,"column":47},"end":{"line":26,"column":null}},"line":20},"3":{"name":"saveString","decl":{"start":{"line":28,"column":16},"end":{"line":28,"column":27}},"loc":{"start":{"line":28,"column":39},"end":{"line":34,"column":null}},"line":28}},"branchMap":{"0":{"loc":{"start":{"line":6,"column":11},"end":{"line":6,"column":null}},"type":"cond-expr","locations":[{"start":{"line":6,"column":26},"end":{"line":6,"column":37}},{"start":{"line":6,"column":37},"end":{"line":6,"column":null}}],"line":6},"1":{"loc":{"start":{"line":20,"column":32},"end":{"line":20,"column":47}},"type":"default-arg","locations":[{"start":{"line":20,"column":43},"end":{"line":20,"column":47}}],"line":20},"2":{"loc":{"start":{"line":22,"column":11},"end":{"line":22,"column":null}},"type":"binary-expr","locations":[{"start":{"line":22,"column":11},"end":{"line":22,"column":40}},{"start":{"line":22,"column":40},"end":{"line":22,"column":null}}],"line":22}},"s":{"0":21,"1":21,"2":21,"3":1,"4":10,"5":10,"6":3,"7":3,"8":0,"9":1,"10":1},"f":{"0":21,"1":10,"2":3,"3":1},"b":{"0":[5,16],"1":[3],"2":[3,2]},"meta":{"lastBranch":3,"lastFunction":4,"lastStatement":11,"seen":{"f:3:16:3:25":0,"s:4:2:9:Infinity":0,"s:5:16:5:Infinity":1,"s:6:4:6:Infinity":2,"b:6:26:6:37:6:37:6:Infinity":0,"s:8:4:8:Infinity":3,"f:12:16:12:25":1,"s:13:2:17:Infinity":4,"s:14:4:14:Infinity":5,"f:20:16:20:27":2,"b:20:43:20:47":1,"s:21:2:25:Infinity":6,"s:22:4:22:Infinity":7,"b:22:11:22:40:22:40:22:Infinity":2,"s:24:4:24:Infinity":8,"f:28:16:28:27":3,"s:29:2:33:Infinity":9,"s:30:4:30:Infinity":10},"fnNames":{}}}
,"/Users/aurora/Desktop/Zenflow OS/src/lib/timerLogic.js": {"path":"/Users/aurora/Desktop/Zenflow OS/src/lib/timerLogic.js","statementMap":{"0":{"start":{"line":6,"column":19},"end":{"line":6,"column":null}},"1":{"start":{"line":7,"column":20},"end":{"line":7,"column":null}},"2":{"start":{"line":8,"column":19},"end":{"line":8,"column":null}},"3":{"start":{"line":9,"column":2},"end":{"line":9,"column":null}},"4":{"start":{"line":15,"column":2},"end":{"line":15,"column":null}}},"fnMap":{"0":{"name":"nextPhaseAfter","decl":{"start":{"line":5,"column":16},"end":{"line":5,"column":31}},"loc":{"start":{"line":5,"column":48},"end":{"line":10,"column":null}},"line":5},"1":{"name":"shouldRecordFocus","decl":{"start":{"line":14,"column":16},"end":{"line":14,"column":34}},"loc":{"start":{"line":14,"column":53},"end":{"line":16,"column":null}},"line":14}},"branchMap":{"0":{"loc":{"start":{"line":7,"column":20},"end":{"line":7,"column":null}},"type":"cond-expr","locations":[{"start":{"line":7,"column":31},"end":{"line":7,"column":43}},{"start":{"line":7,"column":43},"end":{"line":7,"column":null}}],"line":7},"1":{"loc":{"start":{"line":8,"column":19},"end":{"line":8,"column":null}},"type":"cond-expr","locations":[{"start":{"line":8,"column":31},"end":{"line":8,"column":73}},{"start":{"line":8,"column":73},"end":{"line":8,"column":null}}],"line":8},"2":{"loc":{"start":{"line":8,"column":31},"end":{"line":8,"column":73}},"type":"cond-expr","locations":[{"start":{"line":8,"column":53},"end":{"line":8,"column":62}},{"start":{"line":8,"column":62},"end":{"line":8,"column":73}}],"line":8},"3":{"loc":{"start":{"line":15,"column":9},"end":{"line":15,"column":null}},"type":"binary-expr","locations":[{"start":{"line":15,"column":9},"end":{"line":15,"column":29}},{"start":{"line":15,"column":29},"end":{"line":15,"column":null}}],"line":15}},"s":{"0":4,"1":4,"2":4,"3":4,"4":4},"f":{"0":4,"1":4},"b":{"0":[2,2],"1":[2,2],"2":[1,1],"3":[4,2]},"meta":{"lastBranch":4,"lastFunction":2,"lastStatement":5,"seen":{"f:5:16:5:31":0,"s:6:19:6:Infinity":0,"s:7:20:7:Infinity":1,"b:7:31:7:43:7:43:7:Infinity":0,"s:8:19:8:Infinity":2,"b:8:31:8:73:8:73:8:Infinity":1,"b:8:53:8:62:8:62:8:73":2,"s:9:2:9:Infinity":3,"f:14:16:14:34":1,"s:15:2:15:Infinity":4,"b:15:9:15:29:15:29:15:Infinity":3},"fnNames":{}}}
}
